Servicing hardware INT=0x20
 29446: v=20 e=0000 i=0 cpl=0 IP=0028:ffffffff8000f257 pc=ffffffff8000f257 SP=0030:00000000019d9b50 env->regs[R_EAX]=0000000000629681
RAX=0000000000629681 RBX=0000000000000400 RCX=ffff8000fd000000 RDX=ffff8000fd629680
RSI=ffff800000101000 RDI=ffff8000fd000000 RBP=00000000019d9b88 RSP=00000000019d9b50
R8 =ffff8000004e9168 R9 =ffffffff8004a5c9 R10=0000000000000100 R11=0000000000000008
R12=0000000000000000 R13=0000000000000000 R14=0000000000000000 R15=0000000000000000
RIP=ffffffff8000f257 RFL=00000287 [--S--PC] CPL=0 II=0 A20=1 SMM=0 HLT=0
ES =0030 0000000000000000 00000000 00009300 DPL=0 DS   [-WA]
CS =0028 0000000000000000 00000000 00209a00 DPL=0 CS64 [-R-]
SS =0030 0000000000000000 00000000 00009300 DPL=0 DS   [-WA]
DS =0030 0000000000000000 00000000 00009300 DPL=0 DS   [-WA]
FS =0030 0000000000000000 00000000 00009300 DPL=0 DS   [-WA]
GS =0030 0000000000000000 00000000 00009300 DPL=0 DS   [-WA]
LDT=0000 0000000000000000 00000000 00008200 DPL=0 LDT
TR =0058 0000000000055280 00000068 00008900 DPL=0 TSS64-avl
GDT=     ffffffff80220cc0 0000006f
IDT=     ffffffff80220d40 00000fff
CR0=80010013 CR2=0000000000000000 CR3=00000000019c2000 CR4=00000620
DR0=0000000000000000 DR1=0000000000000000 DR2=0000000000000000 DR3=0000000000000000
DR6=00000000ffff0ff0 DR7=0000000000000400
CCS=0000000000000085 CCD=ffffffffffffd681 CCO=EFLAGS
EFER=0000000000000d01
Servicing hardware INT=0x20
 29447: v=20 e=0000 i=0 cpl=0 IP=0028:ffffffff8000dc6f pc=ffffffff8000dc6f SP=0030:ffff80000199bff0 env->regs[R_EAX]=ffffffff8000dc6a
RAX=ffffffff8000dc6a RBX=0000000000000000 RCX=0000000000000000 RDX=0000000000000000
RSI=0000000000000000 RDI=0000000000000030 RBP=ffff80000199bff0 RSP=ffff80000199bff0
R8 =0000000000000000 R9 =0000000000000000 R10=0000000000000000 R11=0000000000000000
R12=0000000000000000 R13=0000000000000000 R14=0000000000000000 R15=0000000000000000
RIP=ffffffff8000dc6f RFL=00000202 [-------] CPL=0 II=0 A20=1 SMM=0 HLT=0
ES =0030 0000000000000000 00000000 00009300 DPL=0 DS   [-WA]
CS =0028 0000000000000000 00000000 00209a00 DPL=0 CS64 [-R-]
SS =0030 0000000000000000 00000000 00009300 DPL=0 DS   [-WA]
DS =0030 0000000000000000 00000000 00009300 DPL=0 DS   [-WA]
FS =0030 0000000000000000 00000000 00009300 DPL=0 DS   [-WA]
GS =0030 0000000000000000 00000000 00009300 DPL=0 DS   [-WA]
LDT=0000 0000000000000000 00000000 00008200 DPL=0 LDT
TR =0058 0000000000055280 00000068 00008900 DPL=0 TSS64-avl
GDT=     ffffffff80220cc0 0000006f
IDT=     ffffffff80220d40 00000fff
CR0=80010013 CR2=0000000000000000 CR3=0000000000753000 CR4=00000620
DR0=0000000000000000 DR1=0000000000000000 DR2=0000000000000000 DR3=0000000000000000
DR6=00000000ffff0ff0 DR7=0000000000000400
CCS=0000000000000000 CCD=00000000019d9b28 CCO=EFLAGS
EFER=0000000000000d01
Servicing hardware INT=0x20
 29448: v=20 e=0000 i=0 cpl=0 IP=0028:ffffffff80013ed4 pc=ffffffff80013ed4 SP=0030:ffff8000019acfc0 env->regs[R_EAX]=0000000000000000
RAX=0000000000000000 RBX=0000000000000000 RCX=ffff8000fd000000 RDX=ffff8000000530f0
RSI=ffff800000101000 RDI=ffffffff80222e50 RBP=ffff8000019acff0 RSP=ffff8000019acfc0
R8 =ffff8000004e93a8 R9 =ffffffff8004a5c9 R10=0000000000000100 R11=0000000000000008
R12=0000000000000000 R13=0000000000000000 R14=0000000000000000 R15=0000000000000000
RIP=ffffffff80013ed4 RFL=00000292 [--S-A--] CPL=0 II=0 A20=1 SMM=0 HLT=0
ES =0030 0000000000000000 00000000 00009300 DPL=0 DS   [-WA]
CS =0028 0000000000000000 00000000 00209a00 DPL=0 CS64 [-R-]
SS =0030 0000000000000000 00000000 00009300 DPL=0 DS   [-WA]
DS =0030 0000000000000000 00000000 00009300 DPL=0 DS   [-WA]
FS =0030 0000000000000000 00000000 00009300 DPL=0 DS   [-WA]
GS =0030 0000000000000000 00000000 00009300 DPL=0 DS   [-WA]
LDT=0000 0000000000000000 00000000 00008200 DPL=0 LDT
TR =0058 0000000000055280 00000068 00008900 DPL=0 TSS64-avl
GDT=     ffffffff80220cc0 0000006f
IDT=     ffffffff80220d40 00000fff
CR0=80010013 CR2=0000000000000000 CR3=0000000000753000 CR4=00000620
DR0=0000000000000000 DR1=0000000000000000 DR2=0000000000000000 DR3=0000000000000000
DR6=00000000ffff0ff0 DR7=0000000000000400
CCS=0000000000000090 CCD=ffff80000199bfc8 CCO=EFLAGS
EFER=0000000000000d01
Servicing hardware INT=0x20
 29449: v=20 e=0000 i=0 cpl=0 IP=0028:ffffffff8000e1e4 pc=ffffffff8000e1e4 SP=0030:ffff8000019be000 env->regs[R_EAX]=0000000000000001
RAX=0000000000000001 RBX=0000000000000000 RCX=0000000000000000 RDX=0000000000000000
RSI=0000000000000000 RDI=00000000000000ff RBP=0000000000000000 RSP=ffff8000019be000
R8 =0000000000000000 R9 =0000000000000000 R10=0000000000000000 R11=0000000000000000
R12=0000000000000000 R13=0000000000000000 R14=0000000000000000 R15=0000000000000000
RIP=ffffffff8000e1e4 RFL=00000202 [-------] CPL=0 II=0 A20=1 SMM=0 HLT=0
ES =0030 0000000000000000 00000000 00009300 DPL=0 DS   [-WA]
CS =0028 0000000000000000 00000000 00209a00 DPL=0 CS64 [-R-]
SS =0030 0000000000000000 00000000 00009300 DPL=0 DS   [-WA]
DS =0030 0000000000000000 00000000 00009300 DPL=0 DS   [-WA]
FS =0030 0000000000000000 00000000 00009300 DPL=0 DS   [-WA]
GS =0030 0000000000000000 00000000 00009300 DPL=0 DS   [-WA]
LDT=0000 0000000000000000 00000000 00008200 DPL=0 LDT
TR =0058 0000000000055280 00000068 00008900 DPL=0 TSS64-avl
GDT=     ffffffff80220cc0 0000006f
IDT=     ffffffff80220d40 00000fff
CR0=80010013 CR2=0000000000000000 CR3=0000000000753000 CR4=00000620
DR0=0000000000000000 DR1=0000000000000000 DR2=0000000000000000 DR3=0000000000000000
DR6=00000000ffff0ff0 DR7=0000000000000400
CCS=0000000000000000 CCD=ffff8000019acf98 CCO=EFLAGS
EFER=0000000000000d01
Servicing hardware INT=0x20
 29450: v=20 e=0000 i=0 cpl=3 IP=0013:0000000000401069 pc=0000000000401069 SP=000b:00000000019d9ff0 env->regs[R_EAX]=000000000000003c
RAX=000000000000003c RBX=0000000000000000 RCX=000000000040102c RDX=0000000000000032
RSI=0000000000401033 RDI=000000000040102c RBP=00000000019d9ff0 RSP=00000000019d9ff0
R8 =0000000000000000 R9 =0000000000000000 R10=0000000000000000 R11=0000000000000202
R12=0000000000000000 R13=0000000000000000 R14=0000000000000000 R15=0000000000000000
RIP=0000000000401069 RFL=00000202 [-------] CPL=3 II=0 A20=1 SMM=0 HLT=0
ES =0030 0000000000000000 00000000 00009300 DPL=0 DS   [-WA]
CS =0013 0000000000000000 ffffffff 00a0fb00 DPL=3 CS64 [-RA]
SS =000b 0000000000000000 ffffffff 00c0f300 DPL=3 DS   [-WA]
DS =0030 0000000000000000 00000000 00009300 DPL=0 DS   [-WA]
FS =0030 0000000000000000 00000000 00009300 DPL=0 DS   [-WA]
GS =0030 0000000000000000 00000000 00009300 DPL=0 DS   [-WA]
LDT=0000 0000000000000000 00000000 00008200 DPL=0 LDT
TR =0058 0000000000055280 00000068 00008900 DPL=0 TSS64-avl
GDT=     ffffffff80220cc0 0000006f
IDT=     ffffffff80220d40 00000fff
CR0=80010013 CR2=0000000000000000 CR3=00000000019c2000 CR4=00000620
DR0=0000000000000000 DR1=0000000000000000 DR2=0000000000000000 DR3=0000000000000000
DR6=00000000ffff0ff0 DR7=0000000000000400
CCS=0000000000000000 CCD=00000000019da000 CCO=EFLAGS
EFER=0000000000000d01
Servicing hardware INT=0x20
 29451: v=20 e=0000 i=0 cpl=0 IP=0028:ffffffff8000dc6f pc=ffffffff8000dc6f SP=0030:ffff80000199bff0 env->regs[R_EAX]=ffffffff8000dc6a
RAX=ffffffff8000dc6a RBX=0000000000000000 RCX=0000000000000000 RDX=0000000000000000
RSI=0000000000000000 RDI=0000000000000030 RBP=ffff80000199bff0 RSP=ffff80000199bff0
R8 =0000000000000000 R9 =0000000000000000 R10=0000000000000000 R11=0000000000000000
R12=0000000000000000 R13=0000000000000000 R14=0000000000000000 R15=0000000000000000
RIP=ffffffff8000dc6f RFL=00000202 [-------] CPL=0 II=0 A20=1 SMM=0 HLT=0
ES =0030 0000000000000000 00000000 00009300 DPL=0 DS   [-WA]
CS =0028 0000000000000000 00000000 00209a00 DPL=0 CS64 [-R-]
SS =0030 0000000000000000 00000000 00009300 DPL=0 DS   [-WA]
DS =0030 0000000000000000 00000000 00009300 DPL=0 DS   [-WA]
FS =0030 0000000000000000 00000000 00009300 DPL=0 DS   [-WA]
GS =0030 0000000000000000 00000000 00009300 DPL=0 DS   [-WA]
LDT=0000 0000000000000000 00000000 00008200 DPL=0 LDT
TR =0058 0000000000055280 00000068 00008900 DPL=0 TSS64-avl
GDT=     ffffffff80220cc0 0000006f
IDT=     ffffffff80220d40 00000fff
CR0=80010013 CR2=0000000000000000 CR3=0000000000753000 CR4=00000620
DR0=0000000000000000 DR1=0000000000000000 DR2=0000000000000000 DR3=0000000000000000
DR6=00000000ffff0ff0 DR7=0000000000000400
CCS=0000000000000000 CCD=ffff800001979fd8 CCO=EFLAGS
EFER=0000000000000d01
Servicing hardware INT=0x20
 29452: v=20 e=0000 i=0 cpl=0 IP=0028:ffffffff80013ed4 pc=ffffffff80013ed4 SP=0030:ffff8000019acfc0 env->regs[R_EAX]=0000000000000000
RAX=0000000000000000 RBX=0000000000000000 RCX=ffff8000fd000000 RDX=ffff8000000530f0
RSI=ffff800000101000 RDI=ffffffff80222e50 RBP=ffff8000019acff0 RSP=ffff8000019acfc0
R8 =ffff8000004e93a8 R9 =ffffffff8004a5c9 R10=0000000000000100 R11=0000000000000008
R12=0000000000000000 R13=0000000000000000 R14=0000000000000000 R15=0000000000000000
RIP=ffffffff80013ed4 RFL=00000292 [--S-A--] CPL=0 II=0 A20=1 SMM=0 HLT=0
ES =0030 0000000000000000 00000000 00009300 DPL=0 DS   [-WA]
CS =0028 0000000000000000 00000000 00209a00 DPL=0 CS64 [-R-]
SS =0030 0000000000000000 00000000 00009300 DPL=0 DS   [-WA]
DS =0030 0000000000000000 00000000 00009300 DPL=0 DS   [-WA]
FS =0030 0000000000000000 00000000 00009300 DPL=0 DS   [-WA]
GS =0030 0000000000000000 00000000 00009300 DPL=0 DS   [-WA]
LDT=0000 0000000000000000 00000000 00008200 DPL=0 LDT
TR =0058 0000000000055280 00000068 00008900 DPL=0 TSS64-avl
GDT=     ffffffff80220cc0 0000006f
IDT=     ffffffff80220d40 00000fff
CR0=80010013 CR2=0000000000000000 CR3=0000000000753000 CR4=00000620
DR0=0000000000000000 DR1=0000000000000000 DR2=0000000000000000 DR3=0000000000000000
DR6=00000000ffff0ff0 DR7=0000000000000400
CCS=0000000000000090 CCD=ffff80000199bfc8 CCO=EFLAGS
EFER=0000000000000d01
Servicing hardware INT=0x20
 29453: v=20 e=0000 i=0 cpl=0 IP=0028:ffffffff8000e1e4 pc=ffffffff8000e1e4 SP=0030:ffff8000019be000 env->regs[R_EAX]=0000000000000001
RAX=0000000000000001 RBX=0000000000000000 RCX=0000000000000000 RDX=0000000000000000
RSI=0000000000000000 RDI=00000000000000ff RBP=0000000000000000 RSP=ffff8000019be000
R8 =0000000000000000 R9 =0000000000000000 R10=0000000000000000 R11=0000000000000000
R12=0000000000000000 R13=0000000000000000 R14=0000000000000000 R15=0000000000000000
RIP=ffffffff8000e1e4 RFL=00000202 [-------] CPL=0 II=0 A20=1 SMM=0 HLT=0
ES =0030 0000000000000000 00000000 00009300 DPL=0 DS   [-WA]
CS =0028 0000000000000000 00000000 00209a00 DPL=0 CS64 [-R-]
SS =0030 0000000000000000 00000000 00009300 DPL=0 DS   [-WA]
DS =0030 0000000000000000 00000000 00009300 DPL=0 DS   [-WA]
FS =0030 0000000000000000 00000000 00009300 DPL=0 DS   [-WA]
GS =0030 0000000000000000 00000000 00009300 DPL=0 DS   [-WA]
LDT=0000 0000000000000000 00000000 00008200 DPL=0 LDT
TR =0058 0000000000055280 00000068 00008900 DPL=0 TSS64-avl
GDT=     ffffffff80220cc0 0000006f
IDT=     ffffffff80220d40 00000fff
CR0=80010013 CR2=0000000000000000 CR3=0000000000753000 CR4=00000620
DR0=0000000000000000 DR1=0000000000000000 DR2=0000000000000000 DR3=0000000000000000
DR6=00000000ffff0ff0 DR7=0000000000000400
CCS=0000000000000000 CCD=ffff8000019acf98 CCO=EFLAGS
EFER=0000000000000d01
check_exception old: 0xffffffff new 0xd
 29454: v=0d e=0010 i=0 cpl=0 IP=0028:ffffffff80000d27 pc=ffffffff80000d27 SP=0030:ffff8000019bdfd8 env->regs[R_EAX]=000000000000003c
RAX=000000000000003c RBX=0000000000000000 RCX=000000000040102c RDX=0000000000000032
RSI=0000000000401033 RDI=000000000040102c RBP=00000000019d9ff0 RSP=ffff8000019bdfd8
R8 =0000000000000000 R9 =0000000000000000 R10=0000000000000000 R11=0000000000000202
R12=0000000000000000 R13=0000000000000000 R14=0000000000000000 R15=0000000000000000
RIP=ffffffff80000d27 RFL=00000086 [--S--P-] CPL=0 II=0 A20=1 SMM=0 HLT=0
ES =0030 0000000000000000 00000000 00009300 DPL=0 DS   [-WA]
CS =0028 0000000000000000 00000000 00209a00 DPL=0 CS64 [-R-]
SS =0030 0000000000000000 00000000 00009300 DPL=0 DS   [-WA]
DS =0030 0000000000000000 00000000 00009300 DPL=0 DS   [-WA]
FS =0030 0000000000000000 00000000 00009300 DPL=0 DS   [-WA]
GS =0030 0000000000000000 00000000 00009300 DPL=0 DS   [-WA]
LDT=0000 0000000000000000 00000000 00008200 DPL=0 LDT
TR =0058 0000000000055280 00000068 00008900 DPL=0 TSS64-avl
GDT=     ffffffff80220cc0 0000006f
IDT=     ffffffff80220d40 00000fff
CR0=80010013 CR2=0000000000000000 CR3=00000000019c2000 CR4=00000620
DR0=0000000000000000 DR1=0000000000000000 DR2=0000000000000000 DR3=0000000000000000
DR6=00000000ffff0ff0 DR7=0000000000000400
CCS=0000000000000010 CCD=ffff8000019bdfd8 CCO=ADDQ
EFER=0000000000000d01
